26 Oct 2013 23:34:01,663 INFO  ~ Starting D:\GitRepositories\JavaRelated\JavaEE\4WebFrameworks\Play\Play1\OficialDocumentation\5_Validating_HTTP_data_in_Play1\validation
26 Oct 2013 23:34:02,871 WARN  ~ You're running Play! in DEV mode
26 Oct 2013 23:34:03,066 INFO  ~ Listening for HTTP on port 9000 (Waiting a first request to start) ...
26 Oct 2013 23:34:12,265 INFO  ~ Connected to jdbc:h2:mem:play;MODE=MYSQL;LOCK_MODE=0
26 Oct 2013 23:34:12,327 INFO  ~ Application 'validation' is now started !
26 Oct 2013 23:35:00,926 ERROR ~ 

@6g49cd0i3
Internal Server Error (500) for request GET /validate/?name=d

Compilation error (In /app/controllers/Application.java around line 35)
The file /app/controllers/Application.java could not be compiled. Error raised is : The method validate(String, Integer) in the type Application is not applicable for the arguments (String, long)

play.exceptions.CompilationException: The method validate(String, Integer) in the type Application is not applicable for the arguments (String, long)
	at play.classloading.ApplicationCompiler$2.acceptResult(ApplicationCompiler.java:246)
	at org.eclipse.jdt.internal.compiler.Compiler.handleInternalException(Compiler.java:676)
	at org.eclipse.jdt.internal.compiler.Compiler.compile(Compiler.java:520)
	at play.classloading.ApplicationCompiler.compile(ApplicationCompiler.java:282)
	at play.classloading.ApplicationClasses$ApplicationClass.compile(ApplicationClasses.java:281)
	at play.classloading.ApplicationClassloader.detectChanges(ApplicationClassloader.java:324)
	at play.Play.detectChanges(Play.java:632)
	at play.Invoker$Invocation.init(Invoker.java:198)
	at Invocation.HTTP Request(Play!)
27 Oct 2013 11:38:20,149 ERROR ~ 

@6g49cd0jb
Internal Server Error (500) for request GET /application/process?name=&age=&password=

Oops: NullPointerException
An unexpected error occured caused by exception NullPointerException: null

play.exceptions.UnexpectedException: Unexpected Error
	at play.data.validation.ValidationPlugin.beforeActionInvocation(ValidationPlugin.java:80)
	at play.plugins.PluginCollection.beforeActionInvocation(PluginCollection.java:639)
	at play.mvc.ActionInvoker.invoke(ActionInvoker.java:134)
	at Invocation.HTTP Request(Play!)
Caused by: java.lang.NullPointerException
	at controllers.Application$MyPasswordCheck.isSatisfied(Application.java:46)
	at play.data.validation.CheckWithCheck.isSatisfied(CheckWithCheck.java:39)
	at net.sf.oval.Validator._checkConstraint(Validator.java:575)
	at net.sf.oval.Validator.checkConstraint(Validator.java:887)
	at net.sf.oval.guard.Guard._validateParameterChecks(Guard.java:190)
	at net.sf.oval.guard.Guard.validateMethodParameters(Guard.java:1321)
	at play.data.validation.ValidationPlugin$Validator.validateAction(ValidationPlugin.java:118)
	at play.data.validation.ValidationPlugin.beforeActionInvocation(ValidationPlugin.java:72)
	... 3 more
27 Oct 2013 11:46:05,278 ERROR ~ 

@6g49cd0jm
Internal Server Error (500) for request GET /validate/?password=&name=

Template execution error (In /app/views/Application/validate.html around line 14)
Execution error occured in template /app/views/Application/validate.html. Exception raised was UnknownFormatConversionException : Conversion = '1'.

play.exceptions.TemplateExecutionException: Conversion = '1'
	at play.templates.BaseTemplate.throwException(BaseTemplate.java:86)
	at play.templates.GroovyTemplate.internalRender(GroovyTemplate.java:266)
	at play.templates.Template.render(Template.java:26)
	at play.templates.GroovyTemplate.render(GroovyTemplate.java:202)
	at play.mvc.results.RenderTemplate.<init>(RenderTemplate.java:24)
	at play.mvc.Controller.renderTemplate(Controller.java:662)
	at play.mvc.Controller.renderTemplate(Controller.java:642)
	at play.mvc.Controller.render(Controller.java:699)
	at controllers.Application.validate(Application.java:23)
	at play.mvc.ActionInvoker.invokeWithContinuation(ActionInvoker.java:557)
	at play.mvc.ActionInvoker.invoke(ActionInvoker.java:508)
	at play.mvc.ActionInvoker.invokeControllerMethod(ActionInvoker.java:484)
	at play.mvc.ActionInvoker.invokeControllerMethod(ActionInvoker.java:479)
	at play.mvc.ActionInvoker.invoke(ActionInvoker.java:161)
	at Invocation.HTTP Request(Play!)
Caused by: java.util.UnknownFormatConversionException: Conversion = '1'
	at java.util.Formatter.checkText(Formatter.java:2547)
	at java.util.Formatter.parse(Formatter.java:2533)
	at java.util.Formatter.format(Formatter.java:2469)
	at java.util.Formatter.format(Formatter.java:2423)
	at java.lang.String.format(String.java:2845)
	at play.i18n.Messages.formatString(Messages.java:107)
	at play.i18n.Messages.getMessage(Messages.java:103)
	at play.i18n.Messages.get(Messages.java:46)
	at play.data.validation.Error.message(Error.java:43)
	at play.data.validation.Error.message(Error.java:24)
	at play.data.validation.Error.toString(Error.java:48)
	at play.templates.types.SafeHTMLFormatter.format(SafeHTMLFormatter.java:15)
	at play.templates.GroovyTemplate$ExecutableTemplate.__safeFaster(GroovyTemplate.java:428)
	at /app/views/Application/validate.html.(line:14)
	at play.templates.JavaExtensions.toString(JavaExtensions.java:76)
	at {play}/framework/templates/tags/errors.tag.(line:24)
	at {play}/framework/templates/tags/errors.tag.(line:16)
	at play.templates.GroovyTemplate.internalRender(GroovyTemplate.java:247)
	at play.templates.GroovyTemplate$ExecutableTemplate.invokeTag(GroovyTemplate.java:401)
	at /app/views/Application/validate.html.(line:13)
	at play.templates.FastTags._ifErrors(FastTags.java:209)
	at play.templates.FastTags$_ifErrors.call(Unknown Source)
	at /app/views/Application/validate.html.(line:10)
	at play.templates.GroovyTemplate.internalRender(GroovyTemplate.java:247)
	... 13 more
27 Oct 2013 11:50:57,961 ERROR ~ 

@6g49cd0k3
Internal Server Error (500) for request GET /application/process?name=&age=&password=aaaaaaaaa

Oops: PatternSyntaxException
An unexpected error occured caused by exception PatternSyntaxException: Dangling meta character '*' near index 0 *.[0-9]*. ^

play.exceptions.UnexpectedException: Unexpected Error
	at play.data.validation.ValidationPlugin.beforeActionInvocation(ValidationPlugin.java:80)
	at play.plugins.PluginCollection.beforeActionInvocation(PluginCollection.java:639)
	at play.mvc.ActionInvoker.invoke(ActionInvoker.java:134)
	at Invocation.HTTP Request(Play!)
Caused by: java.util.regex.PatternSyntaxException: Dangling meta character '*' near index 0
*.[0-9]*.
^
	at java.util.regex.Pattern.error(Pattern.java:1924)
	at java.util.regex.Pattern.sequence(Pattern.java:2090)
	at java.util.regex.Pattern.expr(Pattern.java:1964)
	at java.util.regex.Pattern.compile(Pattern.java:1665)
	at java.util.regex.Pattern.<init>(Pattern.java:1337)
	at java.util.regex.Pattern.compile(Pattern.java:1022)
	at java.util.regex.Pattern.matches(Pattern.java:1128)
	at java.lang.String.matches(String.java:2111)
	at controllers.Application$MyPasswordCheck.isSatisfied(Application.java:51)
	at play.data.validation.CheckWithCheck.isSatisfied(CheckWithCheck.java:39)
	at net.sf.oval.Validator._checkConstraint(Validator.java:575)
	at net.sf.oval.Validator.checkConstraint(Validator.java:887)
	at net.sf.oval.guard.Guard._validateParameterChecks(Guard.java:190)
	at net.sf.oval.guard.Guard.validateMethodParameters(Guard.java:1321)
	at play.data.validation.ValidationPlugin$Validator.validateAction(ValidationPlugin.java:118)
	at play.data.validation.ValidationPlugin.beforeActionInvocation(ValidationPlugin.java:72)
	... 3 more
27 Oct 2013 12:14:56,970 ERROR ~ 

@6g49cd0kf
Internal Server Error (500) for request GET /validate/?password=eaaaaaaa3&age=3&name=

Compilation error (In /app/controllers/Application.java around line 26)
The file /app/controllers/Application.java could not be compiled. Error raised is : The attribute value is undefined for the annotation type Required

play.exceptions.CompilationException: The attribute value is undefined for the annotation type Required
	at play.classloading.ApplicationCompiler$2.acceptResult(ApplicationCompiler.java:246)
	at org.eclipse.jdt.internal.compiler.Compiler.handleInternalException(Compiler.java:676)
	at org.eclipse.jdt.internal.compiler.Compiler.compile(Compiler.java:520)
	at play.classloading.ApplicationCompiler.compile(ApplicationCompiler.java:282)
	at play.classloading.ApplicationClasses$ApplicationClass.compile(ApplicationClasses.java:281)
	at play.classloading.ApplicationClassloader.detectChanges(ApplicationClassloader.java:324)
	at play.Play.detectChanges(Play.java:632)
	at play.Invoker$Invocation.init(Invoker.java:198)
	at Invocation.HTTP Request(Play!)
27 Oct 2013 12:22:58,956 ERROR ~ 

@6g49cd0ko
Internal Server Error (500) for request GET /validate/?password=&name=

Template execution error (In /app/views/Application/validate.html around line 14)
Execution error occured in template /app/views/Application/validate.html. Exception raised was MissingFormatArgumentException : Format specifier '2$s'.

play.exceptions.TemplateExecutionException: Format specifier '2$s'
	at play.templates.BaseTemplate.throwException(BaseTemplate.java:86)
	at play.templates.GroovyTemplate.internalRender(GroovyTemplate.java:266)
	at play.templates.Template.render(Template.java:26)
	at play.templates.GroovyTemplate.render(GroovyTemplate.java:202)
	at play.mvc.results.RenderTemplate.<init>(RenderTemplate.java:24)
	at play.mvc.Controller.renderTemplate(Controller.java:662)
	at play.mvc.Controller.renderTemplate(Controller.java:642)
	at play.mvc.Controller.render(Controller.java:699)
	at controllers.Application.validate(Application.java:23)
	at play.mvc.ActionInvoker.invokeWithContinuation(ActionInvoker.java:557)
	at play.mvc.ActionInvoker.invoke(ActionInvoker.java:508)
	at play.mvc.ActionInvoker.invokeControllerMethod(ActionInvoker.java:484)
	at play.mvc.ActionInvoker.invokeControllerMethod(ActionInvoker.java:479)
	at play.mvc.ActionInvoker.invoke(ActionInvoker.java:161)
	at Invocation.HTTP Request(Play!)
Caused by: java.util.MissingFormatArgumentException: Format specifier '2$s'
	at java.util.Formatter.format(Formatter.java:2493)
	at java.util.Formatter.format(Formatter.java:2423)
	at java.lang.String.format(String.java:2845)
	at play.i18n.Messages.formatString(Messages.java:107)
	at play.i18n.Messages.getMessage(Messages.java:103)
	at play.i18n.Messages.get(Messages.java:46)
	at play.data.validation.Error.message(Error.java:43)
	at play.data.validation.Error.message(Error.java:24)
	at play.data.validation.Error.toString(Error.java:48)
	at play.templates.types.SafeHTMLFormatter.format(SafeHTMLFormatter.java:15)
	at play.templates.GroovyTemplate$ExecutableTemplate.__safeFaster(GroovyTemplate.java:428)
	at /app/views/Application/validate.html.(line:14)
	at play.templates.JavaExtensions.toString(JavaExtensions.java:76)
	at {play}/framework/templates/tags/errors.tag.(line:24)
	at {play}/framework/templates/tags/errors.tag.(line:16)
	at play.templates.GroovyTemplate.internalRender(GroovyTemplate.java:247)
	at play.templates.GroovyTemplate$ExecutableTemplate.invokeTag(GroovyTemplate.java:401)
	at /app/views/Application/validate.html.(line:13)
	at play.templates.FastTags._ifErrors(FastTags.java:209)
	at play.templates.FastTags$_ifErrors.call(Unknown Source)
	at /app/views/Application/validate.html.(line:10)
	at play.templates.GroovyTemplate.internalRender(GroovyTemplate.java:247)
	... 13 more
27 Oct 2013 12:23:51,198 ERROR ~ 

@6g49cd0l0
Internal Server Error (500) for request GET /validate/?password=&name=

Template compilation error (In /app/views/Application/validate.html around line 9)
The template /app/views/Application/validate.html does not compile : unexpected token: ) 

play.exceptions.TemplateCompilationException: unexpected token: ) 
	at play.templates.GroovyTemplate.compile(GroovyTemplate.java:189)
	at play.templates.GroovyTemplate.internalRender(GroovyTemplate.java:210)
	at play.templates.Template.render(Template.java:26)
	at play.templates.GroovyTemplate.render(GroovyTemplate.java:202)
	at play.mvc.results.RenderTemplate.<init>(RenderTemplate.java:24)
	at play.mvc.Controller.renderTemplate(Controller.java:662)
	at play.mvc.Controller.renderTemplate(Controller.java:642)
	at play.mvc.Controller.render(Controller.java:699)
	at controllers.Application.validate(Application.java:23)
	at play.mvc.ActionInvoker.invokeWithContinuation(ActionInvoker.java:557)
	at play.mvc.ActionInvoker.invoke(ActionInvoker.java:508)
	at play.mvc.ActionInvoker.invokeControllerMethod(ActionInvoker.java:484)
	at play.mvc.ActionInvoker.invokeControllerMethod(ActionInvoker.java:479)
	at play.mvc.ActionInvoker.invoke(ActionInvoker.java:161)
	at Invocation.HTTP Request(Play!)
27 Oct 2013 12:24:12,736 ERROR ~ 

@6g49cd0l1
Internal Server Error (500) for request GET /validate/?password=&name=

Template compilation error (In /app/views/Application/validate.html around line 9)
The template /app/views/Application/validate.html does not compile : unexpected token: ) 

play.exceptions.TemplateCompilationException: unexpected token: ) 
	at play.templates.GroovyTemplate.compile(GroovyTemplate.java:189)
	at play.templates.GroovyTemplate.internalRender(GroovyTemplate.java:210)
	at play.templates.Template.render(Template.java:26)
	at play.templates.GroovyTemplate.render(GroovyTemplate.java:202)
	at play.mvc.results.RenderTemplate.<init>(RenderTemplate.java:24)
	at play.mvc.Controller.renderTemplate(Controller.java:662)
	at play.mvc.Controller.renderTemplate(Controller.java:642)
	at play.mvc.Controller.render(Controller.java:699)
	at controllers.Application.validate(Application.java:23)
	at play.mvc.ActionInvoker.invokeWithContinuation(ActionInvoker.java:557)
	at play.mvc.ActionInvoker.invoke(ActionInvoker.java:508)
	at play.mvc.ActionInvoker.invokeControllerMethod(ActionInvoker.java:484)
	at play.mvc.ActionInvoker.invokeControllerMethod(ActionInvoker.java:479)
	at play.mvc.ActionInvoker.invoke(ActionInvoker.java:161)
	at Invocation.HTTP Request(Play!)
27 Oct 2013 12:43:48,751 ERROR ~ 

@6g49cd0lb
Internal Server Error (500) for request GET /validate/?password=&name=

Template compilation error (In /app/views/Application/validate.html around line 25)
The template /app/views/Application/validate.html does not compile : Unexpected node type: EXPR found when expecting type: LABELED_ARG at line: 41 column: 23. File: /app/views/Application/validate.html 

play.exceptions.TemplateCompilationException: Unexpected node type: EXPR found when expecting type: LABELED_ARG at line: 41 column: 23. File: /app/views/Application/validate.html 
	at play.templates.GroovyTemplate.compile(GroovyTemplate.java:189)
	at play.templates.GroovyTemplate.internalRender(GroovyTemplate.java:210)
	at play.templates.Template.render(Template.java:26)
	at play.templates.GroovyTemplate.render(GroovyTemplate.java:202)
	at play.mvc.results.RenderTemplate.<init>(RenderTemplate.java:24)
	at play.mvc.Controller.renderTemplate(Controller.java:662)
	at play.mvc.Controller.renderTemplate(Controller.java:642)
	at play.mvc.Controller.render(Controller.java:699)
	at controllers.Application.validate(Application.java:23)
	at play.mvc.ActionInvoker.invokeWithContinuation(ActionInvoker.java:557)
	at play.mvc.ActionInvoker.invoke(ActionInvoker.java:508)
	at play.mvc.ActionInvoker.invokeControllerMethod(ActionInvoker.java:484)
	at play.mvc.ActionInvoker.invokeControllerMethod(ActionInvoker.java:479)
	at play.mvc.ActionInvoker.invoke(ActionInvoker.java:161)
	at Invocation.HTTP Request(Play!)
27 Oct 2013 12:49:15,059 ERROR ~ 

@6g49cd0lg
Internal Server Error (500) for request GET /validate/?password=&name=

Template execution error (In /app/views/Application/validate.html around line 14)
Execution error occured in template /app/views/Application/validate.html. Exception raised was UnknownFormatConversionException : Conversion = '1'.

play.exceptions.TemplateExecutionException: Conversion = '1'
	at play.templates.BaseTemplate.throwException(BaseTemplate.java:86)
	at play.templates.GroovyTemplate.internalRender(GroovyTemplate.java:266)
	at play.templates.Template.render(Template.java:26)
	at play.templates.GroovyTemplate.render(GroovyTemplate.java:202)
	at play.mvc.results.RenderTemplate.<init>(RenderTemplate.java:24)
	at play.mvc.Controller.renderTemplate(Controller.java:662)
	at play.mvc.Controller.renderTemplate(Controller.java:642)
	at play.mvc.Controller.render(Controller.java:699)
	at controllers.Application.validate(Application.java:23)
	at play.mvc.ActionInvoker.invokeWithContinuation(ActionInvoker.java:557)
	at play.mvc.ActionInvoker.invoke(ActionInvoker.java:508)
	at play.mvc.ActionInvoker.invokeControllerMethod(ActionInvoker.java:484)
	at play.mvc.ActionInvoker.invokeControllerMethod(ActionInvoker.java:479)
	at play.mvc.ActionInvoker.invoke(ActionInvoker.java:161)
	at Invocation.HTTP Request(Play!)
Caused by: java.util.UnknownFormatConversionException: Conversion = '1'
	at java.util.Formatter.checkText(Formatter.java:2547)
	at java.util.Formatter.parse(Formatter.java:2533)
	at java.util.Formatter.format(Formatter.java:2469)
	at java.util.Formatter.format(Formatter.java:2423)
	at java.lang.String.format(String.java:2845)
	at play.i18n.Messages.formatString(Messages.java:107)
	at play.i18n.Messages.getMessage(Messages.java:103)
	at play.i18n.Messages.get(Messages.java:46)
	at play.data.validation.Error.message(Error.java:43)
	at play.data.validation.Error.message(Error.java:24)
	at play.data.validation.Error.toString(Error.java:48)
	at play.templates.types.SafeHTMLFormatter.format(SafeHTMLFormatter.java:15)
	at play.templates.GroovyTemplate$ExecutableTemplate.__safeFaster(GroovyTemplate.java:428)
	at /app/views/Application/validate.html.(line:14)
	at play.templates.JavaExtensions.toString(JavaExtensions.java:76)
	at {play}/framework/templates/tags/errors.tag.(line:24)
	at {play}/framework/templates/tags/errors.tag.(line:16)
	at play.templates.GroovyTemplate.internalRender(GroovyTemplate.java:247)
	at play.templates.GroovyTemplate$ExecutableTemplate.invokeTag(GroovyTemplate.java:401)
	at /app/views/Application/validate.html.(line:13)
	at play.templates.FastTags._ifErrors(FastTags.java:209)
	at play.templates.FastTags$_ifErrors.call(Unknown Source)
	at /app/views/Application/validate.html.(line:10)
	at play.templates.GroovyTemplate.internalRender(GroovyTemplate.java:247)
	... 13 more
27 Oct 2013 12:52:00,869 ERROR ~ 

@6g49cd0lj
Internal Server Error (500) for request GET /validate/?password=&name=

Template compilation error (In /app/views/Application/validate.html around line 28)
The template /app/views/Application/validate.html does not compile : expecting ')', found ']' 

play.exceptions.TemplateCompilationException: expecting ')', found ']' 
	at play.templates.GroovyTemplate.compile(GroovyTemplate.java:189)
	at play.templates.GroovyTemplate.internalRender(GroovyTemplate.java:210)
	at play.templates.Template.render(Template.java:26)
	at play.templates.GroovyTemplate.render(GroovyTemplate.java:202)
	at play.mvc.results.RenderTemplate.<init>(RenderTemplate.java:24)
	at play.mvc.Controller.renderTemplate(Controller.java:662)
	at play.mvc.Controller.renderTemplate(Controller.java:642)
	at play.mvc.Controller.render(Controller.java:699)
	at controllers.Application.validate(Application.java:23)
	at play.mvc.ActionInvoker.invokeWithContinuation(ActionInvoker.java:557)
	at play.mvc.ActionInvoker.invoke(ActionInvoker.java:508)
	at play.mvc.ActionInvoker.invokeControllerMethod(ActionInvoker.java:484)
	at play.mvc.ActionInvoker.invokeControllerMethod(ActionInvoker.java:479)
	at play.mvc.ActionInvoker.invoke(ActionInvoker.java:161)
	at Invocation.HTTP Request(Play!)
